Using pre-set license
Built from '2020.3/staging' branch; Version is '2020.3.26f1 (7298b473bc1a) revision 7510196'; Using compiler version '192528614'; Build Type 'Release'
OS: 'Windows 10  (10.0.19043) 64bit Core' Language: 'en' Physical Memory: 16169 MB
BatchMode: 1, IsHumanControllingUs: 0, StartBugReporterOnCrash: 0, Is64bit: 1, IsPro: 0

COMMAND LINE ARGUMENTS:
C:\Program Files\Unity\Hub\Editor\2020.3.26f1\Editor\Unity.exe
-adb2
-batchMode
-noUpm
-name
AssetImportWorker0
-projectPath
C:/Users/Ellen/Documents/GitHub/Adv3dAssigment1
-logFile
Logs/AssetImportWorker0.log
-srvPort
59120
Successfully changed project path to: C:/Users/Ellen/Documents/GitHub/Adv3dAssigment1
C:/Users/Ellen/Documents/GitHub/Adv3dAssigment1
Using Asset Import Pipeline V2.
Refreshing native plugins compatible for Editor in 33.64 ms, found 2 plugins.
Preloading 0 native plugins for Editor in 0.00 ms.
Initialize engine version: 2020.3.26f1 (7298b473bc1a)
[Subsystems] Discovering subsystems at path C:/Program Files/Unity/Hub/Editor/2020.3.26f1/Editor/Data/Resources/UnitySubsystems
[Subsystems] Discovering subsystems at path C:/Users/Ellen/Documents/GitHub/Adv3dAssigment1/Assets
GfxDevice: creating device client; threaded=0
Direct3D:
    Version:  Direct3D 11.0 [level 11.1]
    Renderer: NVIDIA GeForce GTX 1650 (ID=0x1f99)
    Vendor:   
    VRAM:     3962 MB
    Driver:   27.21.14.6275
Initialize mono
Mono path[0] = 'C:/Program Files/Unity/Hub/Editor/2020.3.26f1/Editor/Data/Managed'
Mono path[1] = 'C:/Program Files/Unity/Hub/Editor/2020.3.26f1/Editor/Data/MonoBleedingEdge/lib/mono/unityjit'
Mono config path = 'C:/Program Files/Unity/Hub/Editor/2020.3.26f1/Editor/Data/MonoBleedingEdge/etc'
Using monoOptions --debugger-agent=transport=dt_socket,embedding=1,server=y,suspend=n,address=127.0.0.1:56088
Begin MonoManager ReloadAssembly
Registering precompiled unity dll's ...
Register platform support module: C:/Program Files/Unity/Hub/Editor/2020.3.26f1/Editor/Data/PlaybackEngines/WebGLSupport/UnityEditor.WebGL.Extensions.dll
Register platform support module: C:/Program Files/Unity/Hub/Editor/2020.3.26f1/Editor/Data/PlaybackEngines/WindowsStandaloneSupport/UnityEditor.WindowsStandalone.Extensions.dll
Registered in 0.001969 seconds.
Native extension for WindowsStandalone target not found
Native extension for WebGL target not found
Refreshing native plugins compatible for Editor in 36.26 ms, found 2 plugins.
Preloading 0 native plugins for Editor in 0.00 ms.
Mono: successfully reloaded assembly
- Completed reload, in  0.555 seconds
Domain Reload Profiling:
	ReloadAssembly (555ms)
		BeginReloadAssembly (47ms)
			ExecutionOrderSort (0ms)
			DisableScriptedObjects (0ms)
			BackupInstance (0ms)
			ReleaseScriptingObjects (0ms)
			CreateAndSetChildDomain (1ms)
		EndReloadAssembly (442ms)
			LoadAssemblies (45ms)
			RebuildTransferFunctionScriptingTraits (0ms)
			SetupTypeCache (156ms)
			ReleaseScriptCaches (0ms)
			RebuildScriptCaches (28ms)
			SetupLoadedEditorAssemblies (168ms)
				LogAssemblyErrors (0ms)
				InitializePlatformSupportModulesInManaged (5ms)
				SetLoadedEditorAssemblies (0ms)
				RefreshPlugins (36ms)
				BeforeProcessingInitializeOnLoad (12ms)
				ProcessInitializeOnLoadAttributes (85ms)
				ProcessInitializeOnLoadMethodAttributes (29ms)
				AfterProcessingInitializeOnLoad (0ms)
				EditorAssembliesLoaded (0ms)
			ExecutionOrderSort2 (0ms)
			AwakeInstancesAfterBackupRestoration (0ms)
Platform modules already initialized, skipping
Registering precompiled user dll's ...
Registered in 0.003922 seconds.
Begin MonoManager ReloadAssembly
Native extension for WindowsStandalone target not found
Native extension for WebGL target not found
Refreshing native plugins compatible for Editor in 0.48 ms, found 2 plugins.
Preloading 0 native plugins for Editor in 0.00 ms.
Mono: successfully reloaded assembly
- Completed reload, in  1.232 seconds
Domain Reload Profiling:
	ReloadAssembly (1233ms)
		BeginReloadAssembly (167ms)
			ExecutionOrderSort (0ms)
			DisableScriptedObjects (7ms)
			BackupInstance (0ms)
			ReleaseScriptingObjects (0ms)
			CreateAndSetChildDomain (20ms)
		EndReloadAssembly (996ms)
			LoadAssemblies (93ms)
			RebuildTransferFunctionScriptingTraits (0ms)
			SetupTypeCache (364ms)
			ReleaseScriptCaches (1ms)
			RebuildScriptCaches (53ms)
			SetupLoadedEditorAssemblies (353ms)
				LogAssemblyErrors (0ms)
				InitializePlatformSupportModulesInManaged (7ms)
				SetLoadedEditorAssemblies (1ms)
				RefreshPlugins (1ms)
				BeforeProcessingInitializeOnLoad (102ms)
				ProcessInitializeOnLoadAttributes (226ms)
				ProcessInitializeOnLoadMethodAttributes (9ms)
				AfterProcessingInitializeOnLoad (7ms)
				EditorAssembliesLoaded (0ms)
			ExecutionOrderSort2 (0ms)
			AwakeInstancesAfterBackupRestoration (7ms)
Platform modules already initialized, skipping
========================================================================
Worker process is ready to serve import requests
Launched and connected shader compiler UnityShaderCompiler.exe after 0.08 seconds
Refreshing native plugins compatible for Editor in 0.81 ms, found 2 plugins.
Preloading 0 native plugins for Editor in 0.00 ms.
Unloading 1629 Unused Serialized files (Serialized files now loaded: 0)
System memory in use before: 80.6 MB.
System memory in use after: 80.3 MB.

Unloading 21 unused Assets to reduce memory usage. Loaded Objects now: 2065.
Total: 4.588100 ms (FindLiveObjects: 0.284100 ms CreateObjectMapping: 0.122500 ms MarkObjects: 3.686700 ms  DeleteObjects: 0.493300 ms)

AssetImportParameters requested are different than current active one (requested -> active):
  requireTextureImportCompression: false -> true
  custom:framework-win-MediaFoundation: 216162199b28c13a410421893ffa2e32 -> 
  custom:video-decoder-ogg-theora: a1e56fd34408186e4bbccfd4996cb3dc -> 
  custom:container-muxer-webm: aa71ff27fc2769a1b78a27578f13a17b -> 
  custom:container-demuxer-webm: 4f35f7cbe854078d1ac9338744f61a02 -> 
  custom:container-demuxer-ogg: 62fdf1f143b41e24485cea50d1cbac27 -> 
  custom:video-encoder-webm-vp8: eb34c28f22e8b96e1ab97ce403110664 -> 
  custom:video-decoder-webm-vp8: 9c59270c3fd7afecdb556c50c9e8de78 -> 
  custom:audio-decoder-ogg-vorbis: bf7c407c2cedff20999df2af8eb42d56 -> 
  custom:audio-encoder-webm-vorbis: bf7c407c2cedff20999df2af8eb42d56 -> 
========================================================================
Received Import Request.
  path: Assets/Prefabs/NPCs
  artifactKey: Guid(e7b29197890dea741b100ff7e4adbc5b) Importer(815301076,1909f56bfc062723c751e8b465ee728b)
Start importing Assets/Prefabs/NPCs using Guid(e7b29197890dea741b100ff7e4adbc5b) Importer(815301076,1909f56bfc062723c751e8b465ee728b)  -> (artifact id: '79a20da5ea84699ae93e8cbff3c71809') in 0.012384 seconds 
  Import took 0.016445 seconds .

========================================================================
Received Import Request.
  Time since last request: 5.678602 seconds.
  path: Assets/Prefabs/NPCs/Type1 Variant.prefab
  artifactKey: Guid(216c180db76015f4abfecbf78c739f51) Importer(815301076,1909f56bfc062723c751e8b465ee728b)
Start importing Assets/Prefabs/NPCs/Type1 Variant.prefab using Guid(216c180db76015f4abfecbf78c739f51) Importer(815301076,1909f56bfc062723c751e8b465ee728b)  -> (artifact id: 'bcd48fa98ede324efd5734b1ef16171d') in 0.185970 seconds 
  Import took 0.190941 seconds .

========================================================================
Received Import Request.
  Time since last request: 12.765571 seconds.
  path: Assets/Prefabs/NPCs/Type2 Variant.prefab
  artifactKey: Guid(a4866007beca61249a13e9b416ce3220) Importer(815301076,1909f56bfc062723c751e8b465ee728b)
Start importing Assets/Prefabs/NPCs/Type2 Variant.prefab using Guid(a4866007beca61249a13e9b416ce3220) Importer(815301076,1909f56bfc062723c751e8b465ee728b)  -> (artifact id: '6ae7aaaf8ba7350d69a2fb420ccaad66') in 0.078777 seconds 
  Import took 0.084422 seconds .

========================================================================
Received Import Request.
  Time since last request: 131.764847 seconds.
  path: Assets/Animator/NPCAnimatpr.controller
  artifactKey: Guid(d6217a55986a11a42a83caef9838025a) Importer(815301076,1909f56bfc062723c751e8b465ee728b)
Start importing Assets/Animator/NPCAnimatpr.controller using Guid(d6217a55986a11a42a83caef9838025a) Importer(815301076,1909f56bfc062723c751e8b465ee728b)  -> (artifact id: '82c6b1ba8b5c21c3859e6d83f44eb171') in 0.013477 seconds 
  Import took 0.019118 seconds .

========================================================================
Received Import Request.
  Time since last request: 101.061508 seconds.
  path: Assets/Prefabs/HealthPack.prefab
  artifactKey: Guid(d0b4e8ce0cd66f24ba1a732bd6ed2e12) Importer(815301076,1909f56bfc062723c751e8b465ee728b)
Start importing Assets/Prefabs/HealthPack.prefab using Guid(d0b4e8ce0cd66f24ba1a732bd6ed2e12) Importer(815301076,1909f56bfc062723c751e8b465ee728b)  -> (artifact id: '99f4fa3f9f54a47a2a7a7baa0f0dd6eb') in 0.019555 seconds 
  Import took 0.023312 seconds .

AssetImportWorkerClient::OnTransportError - code=2 error=End of file
